{"/Users/williansugiyama/Projects/Personal/eduzz-tech-challenge/src/core/domain/entities/user/user.ts": {"path":"/Users/williansugiyama/Projects/Personal/eduzz-tech-challenge/src/core/domain/entities/user/user.ts","statementMap":{"0":{"start":{"line":2,"column":0},"end":{"line":2,"column":34}},"1":{"start":{"line":5,"column":0},"end":{"line":5,"column":13}},"2":{"start":{"line":14,"column":4},"end":{"line":14,"column":31}},"3":{"start":{"line":16,"column":4},"end":{"line":16,"column":35}},"4":{"start":{"line":16,"column":18},"end":{"line":16,"column":35}},"5":{"start":{"line":19,"column":16},"end":{"line":21,"column":null}},"6":{"start":{"line":20,"column":4},"end":{"line":20,"column":27}},"7":{"start":{"line":23,"column":16},"end":{"line":25,"column":null}},"8":{"start":{"line":24,"column":4},"end":{"line":24,"column":43}},"9":{"start":{"line":27,"column":16},"end":{"line":29,"column":null}},"10":{"start":{"line":28,"column":4},"end":{"line":28,"column":26}},"11":{"start":{"line":31,"column":16},"end":{"line":33,"column":null}},"12":{"start":{"line":32,"column":4},"end":{"line":32,"column":39}},"13":{"start":{"line":34,"column":0},"end":{"line":34,"column":null}},"14":{"start":{"line":5,"column":13},"end":{"line":5,"column":17}}},"fnMap":{"0":{"name":"(anonymous_2)","decl":{"start":{"line":5,"column":0},"end":{"line":5,"column":13}},"loc":{"start":{"line":5,"column":0},"end":{"line":34,"column":null}}},"1":{"name":"User","decl":{"start":{"line":13,"column":2},"end":{"line":13,"column":14}},"loc":{"start":{"line":13,"column":31},"end":{"line":17,"column":3}}},"2":{"name":"(anonymous_4)","decl":{"start":{"line":19,"column":2},"end":{"line":19,"column":16}},"loc":{"start":{"line":19,"column":40},"end":{"line":21,"column":3}}},"3":{"name":"(anonymous_5)","decl":{"start":{"line":23,"column":2},"end":{"line":23,"column":16}},"loc":{"start":{"line":23,"column":52},"end":{"line":25,"column":3}}},"4":{"name":"(anonymous_6)","decl":{"start":{"line":27,"column":2},"end":{"line":27,"column":16}},"loc":{"start":{"line":27,"column":41},"end":{"line":29,"column":3}}},"5":{"name":"(anonymous_7)","decl":{"start":{"line":31,"column":2},"end":{"line":31,"column":16}},"loc":{"start":{"line":31,"column":79},"end":{"line":33,"column":3}}}},"branchMap":{"0":{"loc":{"start":{"line":16,"column":4},"end":{"line":16,"column":35}},"type":"if","locations":[{"start":{"line":16,"column":4},"end":{"line":16,"column":35}}]}},"s":{"0":1,"1":1,"2":5,"3":5,"4":2,"5":1,"6":3,"7":1,"8":1,"9":1,"10":1,"11":1,"12":1,"13":1,"14":1},"f":{"0":1,"1":5,"2":3,"3":1,"4":1,"5":1},"b":{"0":[2]}}
,"/Users/williansugiyama/Projects/Personal/eduzz-tech-challenge/src/infrastructure/auth/auth.ts": {"path":"/Users/williansugiyama/Projects/Personal/eduzz-tech-challenge/src/infrastructure/auth/auth.ts","statementMap":{"0":{"start":{"line":1,"column":0},"end":{"line":1,"column":36}},"1":{"start":{"line":3,"column":0},"end":{"line":3,"column":62}},"2":{"start":{"line":6,"column":0},"end":{"line":6,"column":13}},"3":{"start":{"line":7,"column":9},"end":{"line":15,"column":null}},"4":{"start":{"line":8,"column":22},"end":{"line":8,"column":43}},"5":{"start":{"line":9,"column":19},"end":{"line":9,"column":27}},"6":{"start":{"line":11,"column":4},"end":{"line":14,"column":null}},"7":{"start":{"line":16,"column":0},"end":{"line":16,"column":null}},"8":{"start":{"line":6,"column":13},"end":{"line":6,"column":17}}},"fnMap":{"0":{"name":"(anonymous_0)","decl":{"start":{"line":6,"column":0},"end":{"line":6,"column":13}},"loc":{"start":{"line":6,"column":0},"end":{"line":16,"column":null}}},"1":{"name":"(anonymous_2)","decl":{"start":{"line":7,"column":2},"end":{"line":7,"column":9}},"loc":{"start":{"line":7,"column":31},"end":{"line":15,"column":3}}}},"branchMap":{},"s":{"0":1,"1":1,"2":1,"3":1,"4":1,"5":1,"6":1,"7":1,"8":1},"f":{"0":2,"1":1},"b":{}}
,"/Users/williansugiyama/Projects/Personal/eduzz-tech-challenge/src/infrastructure/database/entities/user.entity.ts": {"path":"/Users/williansugiyama/Projects/Personal/eduzz-tech-challenge/src/infrastructure/database/entities/user.entity.ts","statementMap":{"0":{"start":{"line":1,"column":0},"end":{"line":1,"column":115}},"1":{"start":{"line":2,"column":0},"end":{"line":2,"column":47}},"2":{"start":{"line":14,"column":0},"end":{"line":14,"column":13}},"3":{"start":{"line":34,"column":2},"end":{"line":36,"column":null}},"4":{"start":{"line":35,"column":4},"end":{"line":35,"column":42}},"5":{"start":{"line":39,"column":8},"end":{"line":41,"column":null}},"6":{"start":{"line":40,"column":4},"end":{"line":40,"column":9}},"7":{"start":{"line":40,"column":20},"end":{"line":40,"column":50}},"8":{"start":{"line":40,"column":4},"end":{"line":40,"column":50}},"9":{"start":{"line":16,"column":2},"end":{"line":16,"column":null}},"10":{"start":{"line":19,"column":2},"end":{"line":19,"column":null}},"11":{"start":{"line":22,"column":2},"end":{"line":22,"column":null}},"12":{"start":{"line":25,"column":2},"end":{"line":25,"column":null}},"13":{"start":{"line":28,"column":2},"end":{"line":28,"column":null}},"14":{"start":{"line":31,"column":2},"end":{"line":31,"column":null}},"15":{"start":{"line":39,"column":2},"end":{"line":41,"column":null}},"16":{"start":{"line":14,"column":13},"end":{"line":42,"column":null}},"17":{"start":{"line":42,"column":0},"end":{"line":42,"column":null}},"18":{"start":{"line":14,"column":13},"end":{"line":14,"column":22}}},"fnMap":{"0":{"name":"(anonymous_15)","decl":{"start":{"line":14,"column":0},"end":{"line":14,"column":13}},"loc":{"start":{"line":14,"column":0},"end":{"line":14,"column":13}}},"1":{"name":"(anonymous_17)","decl":{"start":{"line":34,"column":2},"end":{"line":34,"column":18}},"loc":{"start":{"line":34,"column":2},"end":{"line":36,"column":3}}},"2":{"name":"(anonymous_18)","decl":{"start":{"line":39,"column":2},"end":{"line":39,"column":8}},"loc":{"start":{"line":39,"column":2},"end":{"line":41,"column":null}}}},"branchMap":{},"s":{"0":2,"1":2,"2":2,"3":4,"4":1,"5":2,"6":1,"7":1,"8":1,"9":2,"10":2,"11":2,"12":2,"13":2,"14":2,"15":2,"16":2,"17":2,"18":2},"f":{"0":7,"1":1,"2":1},"b":{}}
,"/Users/williansugiyama/Projects/Personal/eduzz-tech-challenge/src/infrastructure/database/repositories/user/user.repository.ts": {"path":"/Users/williansugiyama/Projects/Personal/eduzz-tech-challenge/src/infrastructure/database/repositories/user/user.repository.ts","statementMap":{"0":{"start":{"line":5,"column":0},"end":{"line":5,"column":13}},"1":{"start":{"line":9,"column":4},"end":{"line":9,"column":33}},"2":{"start":{"line":12,"column":15},"end":{"line":16,"column":null}},"3":{"start":{"line":13,"column":19},"end":{"line":13,"column":null}},"4":{"start":{"line":13,"column":12},"end":{"line":13,"column":19}},"5":{"start":{"line":15,"column":4},"end":{"line":15,"column":14}},"6":{"start":{"line":18,"column":15},"end":{"line":22,"column":null}},"7":{"start":{"line":19,"column":17},"end":{"line":19,"column":null}},"8":{"start":{"line":19,"column":10},"end":{"line":19,"column":null}},"9":{"start":{"line":21,"column":4},"end":{"line":21,"column":16}},"10":{"start":{"line":24,"column":15},"end":{"line":28,"column":null}},"11":{"start":{"line":25,"column":17},"end":{"line":25,"column":null}},"12":{"start":{"line":25,"column":10},"end":{"line":25,"column":null}},"13":{"start":{"line":27,"column":4},"end":{"line":27,"column":16}},"14":{"start":{"line":29,"column":0},"end":{"line":29,"column":null}},"15":{"start":{"line":5,"column":13},"end":{"line":5,"column":27}}},"fnMap":{"0":{"name":"(anonymous_13)","decl":{"start":{"line":5,"column":0},"end":{"line":5,"column":13}},"loc":{"start":{"line":5,"column":0},"end":{"line":29,"column":null}}},"1":{"name":"UserRepository","decl":{"start":{"line":8,"column":2},"end":{"line":8,"column":14}},"loc":{"start":{"line":8,"column":47},"end":{"line":10,"column":3}}},"2":{"name":"(anonymous_15)","decl":{"start":{"line":12,"column":2},"end":{"line":12,"column":15}},"loc":{"start":{"line":12,"column":35},"end":{"line":16,"column":null}}},"3":{"name":"(anonymous_18)","decl":{"start":{"line":18,"column":2},"end":{"line":18,"column":15}},"loc":{"start":{"line":18,"column":40},"end":{"line":22,"column":null}}},"4":{"name":"(anonymous_21)","decl":{"start":{"line":24,"column":2},"end":{"line":24,"column":15}},"loc":{"start":{"line":24,"column":34},"end":{"line":28,"column":null}}}},"branchMap":{"0":{"loc":{"start":{"line":13,"column":19},"end":{"line":13,"column":null}},"type":"switch","locations":[{"start":{"line":13,"column":19},"end":{"line":13,"column":null}}]},"1":{"loc":{"start":{"line":19,"column":17},"end":{"line":19,"column":null}},"type":"switch","locations":[{"start":{"line":19,"column":17},"end":{"line":19,"column":null}}]},"2":{"loc":{"start":{"line":25,"column":17},"end":{"line":25,"column":null}},"type":"switch","locations":[{"start":{"line":25,"column":17},"end":{"line":25,"column":null}}]}},"s":{"0":1,"1":3,"2":1,"3":1,"4":1,"5":1,"6":1,"7":1,"8":1,"9":1,"10":1,"11":1,"12":1,"13":1,"14":1,"15":1},"f":{"0":1,"1":3,"2":1,"3":1,"4":1},"b":{"0":[1],"1":[1],"2":[1]}}
,"/Users/williansugiyama/Projects/Personal/eduzz-tech-challenge/src/utils/constants.ts": {"path":"/Users/williansugiyama/Projects/Personal/eduzz-tech-challenge/src/utils/constants.ts","statementMap":{"0":{"start":{"line":1,"column":13},"end":{"line":1,"column":52}},"1":{"start":{"line":2,"column":13},"end":{"line":2,"column":66}}},"fnMap":{},"branchMap":{},"s":{"0":1,"1":1},"f":{},"b":{}}
,"/Users/williansugiyama/Projects/Personal/eduzz-tech-challenge/src/utils/getActualTime.ts": {"path":"/Users/williansugiyama/Projects/Personal/eduzz-tech-challenge/src/utils/getActualTime.ts","statementMap":{"0":{"start":{"line":1,"column":0},"end":{"line":1,"column":51}},"1":{"start":{"line":3,"column":38},"end":{"line":5,"column":1}},"2":{"start":{"line":4,"column":2},"end":{"line":4,"column":null}},"3":{"start":{"line":3,"column":13},"end":{"line":3,"column":38}}},"fnMap":{"0":{"name":"(anonymous_0)","decl":{"start":{"line":3,"column":38},"end":{"line":3,"column":null}},"loc":{"start":{"line":3,"column":38},"end":{"line":5,"column":1}}}},"branchMap":{},"s":{"0":1,"1":1,"2":1,"3":1},"f":{"0":1},"b":{}}
,"/Users/williansugiyama/Projects/Personal/eduzz-tech-challenge/src/utils/hash.ts": {"path":"/Users/williansugiyama/Projects/Personal/eduzz-tech-challenge/src/utils/hash.ts","statementMap":{"0":{"start":{"line":1,"column":0},"end":{"line":1,"column":62}},"1":{"start":{"line":3,"column":23},"end":{"line":5,"column":2}},"2":{"start":{"line":4,"column":2},"end":{"line":4,"column":25}},"3":{"start":{"line":3,"column":13},"end":{"line":3,"column":23}},"4":{"start":{"line":7,"column":23},"end":{"line":9,"column":2}},"5":{"start":{"line":7,"column":56},"end":{"line":9,"column":2}},"6":{"start":{"line":8,"column":2},"end":{"line":8,"column":33}},"7":{"start":{"line":7,"column":13},"end":{"line":7,"column":23}},"8":{"start":{"line":11,"column":24},"end":{"line":14,"column":2}},"9":{"start":{"line":11,"column":43},"end":{"line":14,"column":2}},"10":{"start":{"line":12,"column":19},"end":{"line":12,"column":28}},"11":{"start":{"line":12,"column":28},"end":{"line":12,"column":34}},"12":{"start":{"line":12,"column":34},"end":{"line":12,"column":50}},"13":{"start":{"line":12,"column":8},"end":{"line":12,"column":null}},"14":{"start":{"line":13,"column":2},"end":{"line":13,"column":18}},"15":{"start":{"line":11,"column":13},"end":{"line":11,"column":24}}},"fnMap":{"0":{"name":"(anonymous_13)","decl":{"start":{"line":3,"column":23},"end":{"line":3,"column":null}},"loc":{"start":{"line":3,"column":23},"end":{"line":5,"column":2}}},"1":{"name":"(anonymous_16)","decl":{"start":{"line":7,"column":23},"end":{"line":7,"column":30}},"loc":{"start":{"line":7,"column":56},"end":{"line":9,"column":2}}},"2":{"name":"(anonymous_17)","decl":{"start":{"line":7,"column":56},"end":{"line":7,"column":null}},"loc":{"start":{"line":7,"column":56},"end":{"line":9,"column":2}}},"3":{"name":"(anonymous_19)","decl":{"start":{"line":11,"column":24},"end":{"line":11,"column":31}},"loc":{"start":{"line":11,"column":43},"end":{"line":14,"column":2}}},"4":{"name":"(anonymous_20)","decl":{"start":{"line":11,"column":43},"end":{"line":11,"column":null}},"loc":{"start":{"line":11,"column":43},"end":{"line":14,"column":2}}}},"branchMap":{},"s":{"0":2,"1":3,"2":1,"3":2,"4":2,"5":1,"6":1,"7":2,"8":2,"9":1,"10":1,"11":1,"12":1,"13":1,"14":1,"15":2},"f":{"0":2,"1":1,"2":1,"3":1,"4":1},"b":{}}
}
