TN:
SF:src/core/domain/entities/user/user.ts
FN:5,(anonymous_2)
FN:13,User
FN:19,(anonymous_4)
FN:23,(anonymous_5)
FN:27,(anonymous_6)
FN:31,(anonymous_7)
FNF:6
FNH:6
FNDA:1,(anonymous_2)
FNDA:5,User
FNDA:3,(anonymous_4)
FNDA:1,(anonymous_5)
FNDA:1,(anonymous_6)
FNDA:1,(anonymous_7)
DA:2,1
DA:5,1
DA:14,5
DA:16,5
DA:19,1
DA:20,3
DA:23,1
DA:24,1
DA:27,1
DA:28,1
DA:31,1
DA:32,1
DA:34,1
LF:13
LH:13
BRDA:16,0,0,2
BRF:1
BRH:1
end_of_record
TN:
SF:src/infrastructure/auth/auth.ts
FN:6,(anonymous_0)
FN:7,(anonymous_2)
FNF:2
FNH:2
FNDA:2,(anonymous_0)
FNDA:1,(anonymous_2)
DA:1,1
DA:3,1
DA:6,1
DA:7,1
DA:8,1
DA:9,1
DA:11,1
DA:16,1
LF:8
LH:8
BRF:0
BRH:0
end_of_record
TN:
SF:src/infrastructure/database/entities/user.entity.ts
FN:14,(anonymous_15)
FN:34,(anonymous_17)
FN:39,(anonymous_18)
FNF:3
FNH:3
FNDA:7,(anonymous_15)
FNDA:1,(anonymous_17)
FNDA:1,(anonymous_18)
DA:1,2
DA:2,2
DA:14,2
DA:16,2
DA:19,2
DA:22,2
DA:25,2
DA:28,2
DA:31,2
DA:34,4
DA:35,1
DA:39,2
DA:40,1
DA:42,2
LF:14
LH:14
BRF:0
BRH:0
end_of_record
TN:
SF:src/infrastructure/database/repositories/user/user.repository.ts
FN:5,(anonymous_13)
FN:8,UserRepository
FN:12,(anonymous_15)
FN:18,(anonymous_18)
FN:24,(anonymous_21)
FNF:5
FNH:5
FNDA:1,(anonymous_13)
FNDA:3,UserRepository
FNDA:1,(anonymous_15)
FNDA:1,(anonymous_18)
FNDA:1,(anonymous_21)
DA:5,1
DA:9,3
DA:12,1
DA:13,1
DA:15,1
DA:18,1
DA:19,1
DA:21,1
DA:24,1
DA:25,1
DA:27,1
DA:29,1
LF:12
LH:12
BRDA:13,0,0,1
BRDA:19,1,0,1
BRDA:25,2,0,1
BRF:3
BRH:3
end_of_record
TN:
SF:src/utils/constants.ts
FNF:0
FNH:0
DA:1,1
DA:2,1
LF:2
LH:2
BRF:0
BRH:0
end_of_record
TN:
SF:src/utils/getActualTime.ts
FN:3,(anonymous_0)
FNF:1
FNH:1
FNDA:1,(anonymous_0)
DA:1,1
DA:3,1
DA:4,1
LF:3
LH:3
BRF:0
BRH:0
end_of_record
TN:
SF:src/utils/hash.ts
FN:3,(anonymous_13)
FN:7,(anonymous_16)
FN:7,(anonymous_17)
FN:11,(anonymous_19)
FN:11,(anonymous_20)
FNF:5
FNH:5
FNDA:2,(anonymous_13)
FNDA:1,(anonymous_16)
FNDA:1,(anonymous_17)
FNDA:1,(anonymous_19)
FNDA:1,(anonymous_20)
DA:1,2
DA:3,3
DA:4,1
DA:7,2
DA:8,1
DA:11,2
DA:12,1
DA:13,1
LF:8
LH:8
BRF:0
BRH:0
end_of_record
